<?xml version="1.0" encoding="UTF-8"?>
<testsuite xmlns:xsi="http://www.w3.org/2001/XMLSchema-instance" xsi:noNamespaceSchemaLocation="https://maven.apache.org/surefire/maven-surefire-plugin/xsd/surefire-test-report.xsd" name="TestSuite" time="27.304" tests="4" errors="0" skipped="0" failures="4">
  <properties>
    <property name="java.specification.version" value="17"/>
    <property name="sun.cpu.isalist" value="amd64"/>
    <property name="sun.jnu.encoding" value="Cp1252"/>
    <property name="java.class.path" value="C:\Users\Marina\AquaProjects\teamcity-testing-framework\target\test-classes;C:\Users\Marina\AquaProjects\teamcity-testing-framework\target\classes;C:\Users\Marina\.m2\repository\io\qameta\allure\allure-testng\2.24.0\allure-testng-2.24.0.jar;C:\Users\Marina\.m2\repository\io\qameta\allure\allure-java-commons\2.24.0\allure-java-commons-2.24.0.jar;C:\Users\Marina\.m2\repository\io\qameta\allure\allure-model\2.24.0\allure-model-2.24.0.jar;C:\Users\Marina\.m2\repository\io\qameta\allure\allure-test-filter\2.24.0\allure-test-filter-2.24.0.jar;C:\Users\Marina\.m2\repository\com\codeborne\selenide-testng\6.19.1\selenide-testng-6.19.1.jar;C:\Users\Marina\.m2\repository\org\seleniumhq\selenium\selenium-java\4.13.0\selenium-java-4.13.0.jar;C:\Users\Marina\.m2\repository\org\seleniumhq\selenium\selenium-api\4.13.0\selenium-api-4.13.0.jar;C:\Users\Marina\.m2\repository\org\seleniumhq\selenium\selenium-chrome-driver\4.13.0\selenium-chrome-driver-4.13.0.jar;C:\Users\Marina\.m2\repository\com\google\auto\service\auto-service-annotations\1.1.1\auto-service-annotations-1.1.1.jar;C:\Users\Marina\.m2\repository\org\seleniumhq\selenium\selenium-chromium-driver\4.13.0\selenium-chromium-driver-4.13.0.jar;C:\Users\Marina\.m2\repository\org\seleniumhq\selenium\selenium-json\4.13.0\selenium-json-4.13.0.jar;C:\Users\Marina\.m2\repository\org\seleniumhq\selenium\selenium-manager\4.13.0\selenium-manager-4.13.0.jar;C:\Users\Marina\.m2\repository\org\seleniumhq\selenium\selenium-devtools-v115\4.13.0\selenium-devtools-v115-4.13.0.jar;C:\Users\Marina\.m2\repository\org\seleniumhq\selenium\selenium-devtools-v116\4.13.0\selenium-devtools-v116-4.13.0.jar;C:\Users\Marina\.m2\repository\org\seleniumhq\selenium\selenium-devtools-v117\4.13.0\selenium-devtools-v117-4.13.0.jar;C:\Users\Marina\.m2\repository\org\seleniumhq\selenium\selenium-devtools-v85\4.13.0\selenium-devtools-v85-4.13.0.jar;C:\Users\Marina\.m2\repository\org\seleniumhq\selenium\selenium-edge-driver\4.13.0\selenium-edge-driver-4.13.0.jar;C:\Users\Marina\.m2\repository\org\seleniumhq\selenium\selenium-firefox-driver\4.13.0\selenium-firefox-driver-4.13.0.jar;C:\Users\Marina\.m2\repository\org\seleniumhq\selenium\selenium-http\4.13.0\selenium-http-4.13.0.jar;C:\Users\Marina\.m2\repository\dev\failsafe\failsafe\3.3.2\failsafe-3.3.2.jar;C:\Users\Marina\.m2\repository\org\seleniumhq\selenium\selenium-ie-driver\4.13.0\selenium-ie-driver-4.13.0.jar;C:\Users\Marina\.m2\repository\org\seleniumhq\selenium\selenium-remote-driver\4.13.0\selenium-remote-driver-4.13.0.jar;C:\Users\Marina\.m2\repository\io\netty\netty-buffer\4.1.96.Final\netty-buffer-4.1.96.Final.jar;C:\Users\Marina\.m2\repository\io\netty\netty-codec-http\4.1.96.Final\netty-codec-http-4.1.96.Final.jar;C:\Users\Marina\.m2\repository\io\netty\netty-codec\4.1.96.Final\netty-codec-4.1.96.Final.jar;C:\Users\Marina\.m2\repository\io\netty\netty-handler\4.1.96.Final\netty-handler-4.1.96.Final.jar;C:\Users\Marina\.m2\repository\io\netty\netty-common\4.1.96.Final\netty-common-4.1.96.Final.jar;C:\Users\Marina\.m2\repository\io\netty\netty-transport-classes-epoll\4.1.96.Final\netty-transport-classes-epoll-4.1.96.Final.jar;C:\Users\Marina\.m2\repository\io\netty\netty-transport-classes-kqueue\4.1.96.Final\netty-transport-classes-kqueue-4.1.96.Final.jar;C:\Users\Marina\.m2\repository\io\netty\netty-transport-native-epoll\4.1.96.Final\netty-transport-native-epoll-4.1.96.Final.jar;C:\Users\Marina\.m2\repository\io\netty\netty-transport-native-kqueue\4.1.96.Final\netty-transport-native-kqueue-4.1.96.Final.jar;C:\Users\Marina\.m2\repository\io\netty\netty-transport-native-unix-common\4.1.96.Final\netty-transport-native-unix-common-4.1.96.Final.jar;C:\Users\Marina\.m2\repository\io\netty\netty-transport\4.1.96.Final\netty-transport-4.1.96.Final.jar;C:\Users\Marina\.m2\repository\io\netty\netty-resolver\4.1.96.Final\netty-resolver-4.1.96.Final.jar;C:\Users\Marina\.m2\repository\io\opentelemetry\opentelemetry-api\1.28.0\opentelemetry-api-1.28.0.jar;C:\Users\Marina\.m2\repository\io\opentelemetry\opentelemetry-context\1.28.0\opentelemetry-context-1.28.0.jar;C:\Users\Marina\.m2\repository\io\opentelemetry\opentelemetry-exporter-logging\1.28.0\opentelemetry-exporter-logging-1.28.0.jar;C:\Users\Marina\.m2\repository\io\opentelemetry\opentelemetry-sdk-metrics\1.28.0\opentelemetry-sdk-metrics-1.28.0.jar;C:\Users\Marina\.m2\repository\io\opentelemetry\opentelemetry-extension-incubator\1.28.0-alpha\opentelemetry-extension-incubator-1.28.0-alpha.jar;C:\Users\Marina\.m2\repository\io\opentelemetry\opentelemetry-sdk-logs\1.28.0\opentelemetry-sdk-logs-1.28.0.jar;C:\Users\Marina\.m2\repository\io\opentelemetry\opentelemetry-sdk-common\1.28.0\opentelemetry-sdk-common-1.28.0.jar;C:\Users\Marina\.m2\repository\io\opentelemetry\opentelemetry-sdk-extension-autoconfigure-spi\1.28.0\opentelemetry-sdk-extension-autoconfigure-spi-1.28.0.jar;C:\Users\Marina\.m2\repository\io\opentelemetry\opentelemetry-sdk-extension-autoconfigure\1.28.0\opentelemetry-sdk-extension-autoconfigure-1.28.0.jar;C:\Users\Marina\.m2\repository\io\opentelemetry\opentelemetry-api-events\1.28.0-alpha\opentelemetry-api-events-1.28.0-alpha.jar;C:\Users\Marina\.m2\repository\io\opentelemetry\opentelemetry-sdk-trace\1.28.0\opentelemetry-sdk-trace-1.28.0.jar;C:\Users\Marina\.m2\repository\io\opentelemetry\opentelemetry-sdk\1.28.0\opentelemetry-sdk-1.28.0.jar;C:\Users\Marina\.m2\repository\io\opentelemetry\opentelemetry-semconv\1.28.0-alpha\opentelemetry-semconv-1.28.0-alpha.jar;C:\Users\Marina\.m2\repository\net\bytebuddy\byte-buddy\1.14.5\byte-buddy-1.14.5.jar;C:\Users\Marina\.m2\repository\org\asynchttpclient\async-http-client\2.12.3\async-http-client-2.12.3.jar;C:\Users\Marina\.m2\repository\org\asynchttpclient\async-http-client-netty-utils\2.12.3\async-http-client-netty-utils-2.12.3.jar;C:\Users\Marina\.m2\repository\io\netty\netty-codec-socks\4.1.60.Final\netty-codec-socks-4.1.60.Final.jar;C:\Users\Marina\.m2\repository\io\netty\netty-handler-proxy\4.1.60.Final\netty-handler-proxy-4.1.60.Final.jar;C:\Users\Marina\.m2\repository\io\netty\netty-transport-native-epoll\4.1.60.Final\netty-transport-native-epoll-4.1.60.Final-linux-x86_64.jar;C:\Users\Marina\.m2\repository\io\netty\netty-transport-native-kqueue\4.1.60.Final\netty-transport-native-kqueue-4.1.60.Final-osx-x86_64.jar;C:\Users\Marina\.m2\repository\org\reactivestreams\reactive-streams\1.0.3\reactive-streams-1.0.3.jar;C:\Users\Marina\.m2\repository\com\typesafe\netty\netty-reactive-streams\2.0.4\netty-reactive-streams-2.0.4.jar;C:\Users\Marina\.m2\repository\com\sun\activation\jakarta.activation\1.2.2\jakarta.activation-1.2.2.jar;C:\Users\Marina\.m2\repository\org\seleniumhq\selenium\selenium-os\4.13.0\selenium-os-4.13.0.jar;C:\Users\Marina\.m2\repository\org\apache\commons\commons-exec\1.3\commons-exec-1.3.jar;C:\Users\Marina\.m2\repository\org\seleniumhq\selenium\selenium-safari-driver\4.13.0\selenium-safari-driver-4.13.0.jar;C:\Users\Marina\.m2\repository\org\seleniumhq\selenium\selenium-support\4.13.0\selenium-support-4.13.0.jar;C:\Users\Marina\.m2\repository\org\slf4j\slf4j-api\2.0.9\slf4j-api-2.0.9.jar;C:\Users\Marina\.m2\repository\com\google\guava\guava\32.1.3-jre\guava-32.1.3-jre.jar;C:\Users\Marina\.m2\repository\com\google\guava\failureaccess\1.0.1\failureaccess-1.0.1.jar;C:\Users\Marina\.m2\repository\com\google\guava\listenablefuture\9999.0-empty-to-avoid-conflict-with-guava\listenablefuture-9999.0-empty-to-avoid-conflict-with-guava.jar;C:\Users\Marina\.m2\repository\com\google\code\findbugs\jsr305\3.0.2\jsr305-3.0.2.jar;C:\Users\Marina\.m2\repository\org\checkerframework\checker-qual\3.37.0\checker-qual-3.37.0.jar;C:\Users\Marina\.m2\repository\com\google\errorprone\error_prone_annotations\2.21.1\error_prone_annotations-2.21.1.jar;C:\Users\Marina\.m2\repository\com\google\j2objc\j2objc-annotations\2.8\j2objc-annotations-2.8.jar;C:\Users\Marina\.m2\repository\org\apache\commons\commons-lang3\3.13.0\commons-lang3-3.13.0.jar;C:\Users\Marina\.m2\repository\commons-io\commons-io\2.14.0\commons-io-2.14.0.jar;C:\Users\Marina\.m2\repository\io\qameta\allure\allure-selenide\2.24.0\allure-selenide-2.24.0.jar;C:\Users\Marina\.m2\repository\org\testng\testng\7.7.1\testng-7.7.1.jar;C:\Users\Marina\.m2\repository\com\beust\jcommander\1.82\jcommander-1.82.jar;C:\Users\Marina\.m2\repository\org\webjars\jquery\3.6.1\jquery-3.6.1.jar;C:\Users\Marina\.m2\repository\org\slf4j\slf4j-simple\2.0.7\slf4j-simple-2.0.7.jar;C:\Users\Marina\.m2\repository\io\rest-assured\rest-assured\5.1.1\rest-assured-5.1.1.jar;C:\Users\Marina\.m2\repository\org\apache\groovy\groovy\4.0.1\groovy-4.0.1.jar;C:\Users\Marina\.m2\repository\org\apache\groovy\groovy-xml\4.0.1\groovy-xml-4.0.1.jar;C:\Users\Marina\.m2\repository\org\apache\httpcomponents\httpclient\4.5.13\httpclient-4.5.13.jar;C:\Users\Marina\.m2\repository\org\apache\httpcomponents\httpcore\4.4.13\httpcore-4.4.13.jar;C:\Users\Marina\.m2\repository\commons-logging\commons-logging\1.2\commons-logging-1.2.jar;C:\Users\Marina\.m2\repository\commons-codec\commons-codec\1.11\commons-codec-1.11.jar;C:\Users\Marina\.m2\repository\org\apache\httpcomponents\httpmime\4.5.13\httpmime-4.5.13.jar;C:\Users\Marina\.m2\repository\org\hamcrest\hamcrest\2.1\hamcrest-2.1.jar;C:\Users\Marina\.m2\repository\org\ccil\cowan\tagsoup\tagsoup\1.2.1\tagsoup-1.2.1.jar;C:\Users\Marina\.m2\repository\io\rest-assured\json-path\5.1.1\json-path-5.1.1.jar;C:\Users\Marina\.m2\repository\org\apache\groovy\groovy-json\4.0.1\groovy-json-4.0.1.jar;C:\Users\Marina\.m2\repository\io\rest-assured\rest-assured-common\5.1.1\rest-assured-common-5.1.1.jar;C:\Users\Marina\.m2\repository\io\rest-assured\xml-path\5.1.1\xml-path-5.1.1.jar;C:\Users\Marina\.m2\repository\org\projectlombok\lombok\1.18.30\lombok-1.18.30.jar;C:\Users\Marina\.m2\repository\com\fasterxml\jackson\core\jackson-annotations\2.15.2\jackson-annotations-2.15.2.jar;C:\Users\Marina\.m2\repository\com\google\code\gson\gson\2.10.1\gson-2.10.1.jar;C:\Users\Marina\.m2\repository\org\assertj\assertj-core\3.22.0\assertj-core-3.22.0.jar;C:\Users\Marina\.m2\repository\com\codeborne\selenide\7.0.2\selenide-7.0.2.jar;C:\Users\Marina\.m2\repository\com\codeborne\selenide-core\7.0.2\selenide-core-7.0.2.jar;C:\Users\Marina\.m2\repository\org\opentest4j\opentest4j\1.3.0\opentest4j-1.3.0.jar;C:\Users\Marina\.m2\repository\org\apache\httpcomponents\client5\httpclient5\5.2.1\httpclient5-5.2.1.jar;C:\Users\Marina\.m2\repository\org\apache\httpcomponents\core5\httpcore5\5.2\httpcore5-5.2.jar;C:\Users\Marina\.m2\repository\org\apache\httpcomponents\core5\httpcore5-h2\5.2\httpcore5-h2-5.2.jar;"/>
    <property name="java.vm.vendor" value="Azul Systems, Inc."/>
    <property name="sun.arch.data.model" value="64"/>
    <property name="user.variant" value=""/>
    <property name="java.vendor.url" value="http://www.azul.com/"/>
    <property name="user.timezone" value="Europe/Tallinn"/>
    <property name="user.country.format" value="150"/>
    <property name="suiteXmlFile" value="testng-suites/ui-suite.xml"/>
    <property name="os.name" value="Windows 10"/>
    <property name="java.vm.specification.version" value="17"/>
    <property name="sun.java.launcher" value="SUN_STANDARD"/>
    <property name="user.country" value="US"/>
    <property name="sun.boot.library.path" value="C:\Program Files\Zulu\zulu-17\bin"/>
    <property name="sun.java.command" value="C:\Users\Marina\AppData\Local\Temp\surefire11680243700945518231\surefirebooter18095701958693075818.jar C:\Users\Marina\AppData\Local\Temp\surefire11680243700945518231 2024-02-10T09-36-47_415-jvmRun1 surefire4857586393034216619tmp surefire_014080687553948888942tmp"/>
    <property name="jdk.debug" value="release"/>
    <property name="surefire.test.class.path" value="C:\Users\Marina\AquaProjects\teamcity-testing-framework\target\test-classes;C:\Users\Marina\AquaProjects\teamcity-testing-framework\target\classes;C:\Users\Marina\.m2\repository\io\qameta\allure\allure-testng\2.24.0\allure-testng-2.24.0.jar;C:\Users\Marina\.m2\repository\io\qameta\allure\allure-java-commons\2.24.0\allure-java-commons-2.24.0.jar;C:\Users\Marina\.m2\repository\io\qameta\allure\allure-model\2.24.0\allure-model-2.24.0.jar;C:\Users\Marina\.m2\repository\io\qameta\allure\allure-test-filter\2.24.0\allure-test-filter-2.24.0.jar;C:\Users\Marina\.m2\repository\com\codeborne\selenide-testng\6.19.1\selenide-testng-6.19.1.jar;C:\Users\Marina\.m2\repository\org\seleniumhq\selenium\selenium-java\4.13.0\selenium-java-4.13.0.jar;C:\Users\Marina\.m2\repository\org\seleniumhq\selenium\selenium-api\4.13.0\selenium-api-4.13.0.jar;C:\Users\Marina\.m2\repository\org\seleniumhq\selenium\selenium-chrome-driver\4.13.0\selenium-chrome-driver-4.13.0.jar;C:\Users\Marina\.m2\repository\com\google\auto\service\auto-service-annotations\1.1.1\auto-service-annotations-1.1.1.jar;C:\Users\Marina\.m2\repository\org\seleniumhq\selenium\selenium-chromium-driver\4.13.0\selenium-chromium-driver-4.13.0.jar;C:\Users\Marina\.m2\repository\org\seleniumhq\selenium\selenium-json\4.13.0\selenium-json-4.13.0.jar;C:\Users\Marina\.m2\repository\org\seleniumhq\selenium\selenium-manager\4.13.0\selenium-manager-4.13.0.jar;C:\Users\Marina\.m2\repository\org\seleniumhq\selenium\selenium-devtools-v115\4.13.0\selenium-devtools-v115-4.13.0.jar;C:\Users\Marina\.m2\repository\org\seleniumhq\selenium\selenium-devtools-v116\4.13.0\selenium-devtools-v116-4.13.0.jar;C:\Users\Marina\.m2\repository\org\seleniumhq\selenium\selenium-devtools-v117\4.13.0\selenium-devtools-v117-4.13.0.jar;C:\Users\Marina\.m2\repository\org\seleniumhq\selenium\selenium-devtools-v85\4.13.0\selenium-devtools-v85-4.13.0.jar;C:\Users\Marina\.m2\repository\org\seleniumhq\selenium\selenium-edge-driver\4.13.0\selenium-edge-driver-4.13.0.jar;C:\Users\Marina\.m2\repository\org\seleniumhq\selenium\selenium-firefox-driver\4.13.0\selenium-firefox-driver-4.13.0.jar;C:\Users\Marina\.m2\repository\org\seleniumhq\selenium\selenium-http\4.13.0\selenium-http-4.13.0.jar;C:\Users\Marina\.m2\repository\dev\failsafe\failsafe\3.3.2\failsafe-3.3.2.jar;C:\Users\Marina\.m2\repository\org\seleniumhq\selenium\selenium-ie-driver\4.13.0\selenium-ie-driver-4.13.0.jar;C:\Users\Marina\.m2\repository\org\seleniumhq\selenium\selenium-remote-driver\4.13.0\selenium-remote-driver-4.13.0.jar;C:\Users\Marina\.m2\repository\io\netty\netty-buffer\4.1.96.Final\netty-buffer-4.1.96.Final.jar;C:\Users\Marina\.m2\repository\io\netty\netty-codec-http\4.1.96.Final\netty-codec-http-4.1.96.Final.jar;C:\Users\Marina\.m2\repository\io\netty\netty-codec\4.1.96.Final\netty-codec-4.1.96.Final.jar;C:\Users\Marina\.m2\repository\io\netty\netty-handler\4.1.96.Final\netty-handler-4.1.96.Final.jar;C:\Users\Marina\.m2\repository\io\netty\netty-common\4.1.96.Final\netty-common-4.1.96.Final.jar;C:\Users\Marina\.m2\repository\io\netty\netty-transport-classes-epoll\4.1.96.Final\netty-transport-classes-epoll-4.1.96.Final.jar;C:\Users\Marina\.m2\repository\io\netty\netty-transport-classes-kqueue\4.1.96.Final\netty-transport-classes-kqueue-4.1.96.Final.jar;C:\Users\Marina\.m2\repository\io\netty\netty-transport-native-epoll\4.1.96.Final\netty-transport-native-epoll-4.1.96.Final.jar;C:\Users\Marina\.m2\repository\io\netty\netty-transport-native-kqueue\4.1.96.Final\netty-transport-native-kqueue-4.1.96.Final.jar;C:\Users\Marina\.m2\repository\io\netty\netty-transport-native-unix-common\4.1.96.Final\netty-transport-native-unix-common-4.1.96.Final.jar;C:\Users\Marina\.m2\repository\io\netty\netty-transport\4.1.96.Final\netty-transport-4.1.96.Final.jar;C:\Users\Marina\.m2\repository\io\netty\netty-resolver\4.1.96.Final\netty-resolver-4.1.96.Final.jar;C:\Users\Marina\.m2\repository\io\opentelemetry\opentelemetry-api\1.28.0\opentelemetry-api-1.28.0.jar;C:\Users\Marina\.m2\repository\io\opentelemetry\opentelemetry-context\1.28.0\opentelemetry-context-1.28.0.jar;C:\Users\Marina\.m2\repository\io\opentelemetry\opentelemetry-exporter-logging\1.28.0\opentelemetry-exporter-logging-1.28.0.jar;C:\Users\Marina\.m2\repository\io\opentelemetry\opentelemetry-sdk-metrics\1.28.0\opentelemetry-sdk-metrics-1.28.0.jar;C:\Users\Marina\.m2\repository\io\opentelemetry\opentelemetry-extension-incubator\1.28.0-alpha\opentelemetry-extension-incubator-1.28.0-alpha.jar;C:\Users\Marina\.m2\repository\io\opentelemetry\opentelemetry-sdk-logs\1.28.0\opentelemetry-sdk-logs-1.28.0.jar;C:\Users\Marina\.m2\repository\io\opentelemetry\opentelemetry-sdk-common\1.28.0\opentelemetry-sdk-common-1.28.0.jar;C:\Users\Marina\.m2\repository\io\opentelemetry\opentelemetry-sdk-extension-autoconfigure-spi\1.28.0\opentelemetry-sdk-extension-autoconfigure-spi-1.28.0.jar;C:\Users\Marina\.m2\repository\io\opentelemetry\opentelemetry-sdk-extension-autoconfigure\1.28.0\opentelemetry-sdk-extension-autoconfigure-1.28.0.jar;C:\Users\Marina\.m2\repository\io\opentelemetry\opentelemetry-api-events\1.28.0-alpha\opentelemetry-api-events-1.28.0-alpha.jar;C:\Users\Marina\.m2\repository\io\opentelemetry\opentelemetry-sdk-trace\1.28.0\opentelemetry-sdk-trace-1.28.0.jar;C:\Users\Marina\.m2\repository\io\opentelemetry\opentelemetry-sdk\1.28.0\opentelemetry-sdk-1.28.0.jar;C:\Users\Marina\.m2\repository\io\opentelemetry\opentelemetry-semconv\1.28.0-alpha\opentelemetry-semconv-1.28.0-alpha.jar;C:\Users\Marina\.m2\repository\net\bytebuddy\byte-buddy\1.14.5\byte-buddy-1.14.5.jar;C:\Users\Marina\.m2\repository\org\asynchttpclient\async-http-client\2.12.3\async-http-client-2.12.3.jar;C:\Users\Marina\.m2\repository\org\asynchttpclient\async-http-client-netty-utils\2.12.3\async-http-client-netty-utils-2.12.3.jar;C:\Users\Marina\.m2\repository\io\netty\netty-codec-socks\4.1.60.Final\netty-codec-socks-4.1.60.Final.jar;C:\Users\Marina\.m2\repository\io\netty\netty-handler-proxy\4.1.60.Final\netty-handler-proxy-4.1.60.Final.jar;C:\Users\Marina\.m2\repository\io\netty\netty-transport-native-epoll\4.1.60.Final\netty-transport-native-epoll-4.1.60.Final-linux-x86_64.jar;C:\Users\Marina\.m2\repository\io\netty\netty-transport-native-kqueue\4.1.60.Final\netty-transport-native-kqueue-4.1.60.Final-osx-x86_64.jar;C:\Users\Marina\.m2\repository\org\reactivestreams\reactive-streams\1.0.3\reactive-streams-1.0.3.jar;C:\Users\Marina\.m2\repository\com\typesafe\netty\netty-reactive-streams\2.0.4\netty-reactive-streams-2.0.4.jar;C:\Users\Marina\.m2\repository\com\sun\activation\jakarta.activation\1.2.2\jakarta.activation-1.2.2.jar;C:\Users\Marina\.m2\repository\org\seleniumhq\selenium\selenium-os\4.13.0\selenium-os-4.13.0.jar;C:\Users\Marina\.m2\repository\org\apache\commons\commons-exec\1.3\commons-exec-1.3.jar;C:\Users\Marina\.m2\repository\org\seleniumhq\selenium\selenium-safari-driver\4.13.0\selenium-safari-driver-4.13.0.jar;C:\Users\Marina\.m2\repository\org\seleniumhq\selenium\selenium-support\4.13.0\selenium-support-4.13.0.jar;C:\Users\Marina\.m2\repository\org\slf4j\slf4j-api\2.0.9\slf4j-api-2.0.9.jar;C:\Users\Marina\.m2\repository\com\google\guava\guava\32.1.3-jre\guava-32.1.3-jre.jar;C:\Users\Marina\.m2\repository\com\google\guava\failureaccess\1.0.1\failureaccess-1.0.1.jar;C:\Users\Marina\.m2\repository\com\google\guava\listenablefuture\9999.0-empty-to-avoid-conflict-with-guava\listenablefuture-9999.0-empty-to-avoid-conflict-with-guava.jar;C:\Users\Marina\.m2\repository\com\google\code\findbugs\jsr305\3.0.2\jsr305-3.0.2.jar;C:\Users\Marina\.m2\repository\org\checkerframework\checker-qual\3.37.0\checker-qual-3.37.0.jar;C:\Users\Marina\.m2\repository\com\google\errorprone\error_prone_annotations\2.21.1\error_prone_annotations-2.21.1.jar;C:\Users\Marina\.m2\repository\com\google\j2objc\j2objc-annotations\2.8\j2objc-annotations-2.8.jar;C:\Users\Marina\.m2\repository\org\apache\commons\commons-lang3\3.13.0\commons-lang3-3.13.0.jar;C:\Users\Marina\.m2\repository\commons-io\commons-io\2.14.0\commons-io-2.14.0.jar;C:\Users\Marina\.m2\repository\io\qameta\allure\allure-selenide\2.24.0\allure-selenide-2.24.0.jar;C:\Users\Marina\.m2\repository\org\testng\testng\7.7.1\testng-7.7.1.jar;C:\Users\Marina\.m2\repository\com\beust\jcommander\1.82\jcommander-1.82.jar;C:\Users\Marina\.m2\repository\org\webjars\jquery\3.6.1\jquery-3.6.1.jar;C:\Users\Marina\.m2\repository\org\slf4j\slf4j-simple\2.0.7\slf4j-simple-2.0.7.jar;C:\Users\Marina\.m2\repository\io\rest-assured\rest-assured\5.1.1\rest-assured-5.1.1.jar;C:\Users\Marina\.m2\repository\org\apache\groovy\groovy\4.0.1\groovy-4.0.1.jar;C:\Users\Marina\.m2\repository\org\apache\groovy\groovy-xml\4.0.1\groovy-xml-4.0.1.jar;C:\Users\Marina\.m2\repository\org\apache\httpcomponents\httpclient\4.5.13\httpclient-4.5.13.jar;C:\Users\Marina\.m2\repository\org\apache\httpcomponents\httpcore\4.4.13\httpcore-4.4.13.jar;C:\Users\Marina\.m2\repository\commons-logging\commons-logging\1.2\commons-logging-1.2.jar;C:\Users\Marina\.m2\repository\commons-codec\commons-codec\1.11\commons-codec-1.11.jar;C:\Users\Marina\.m2\repository\org\apache\httpcomponents\httpmime\4.5.13\httpmime-4.5.13.jar;C:\Users\Marina\.m2\repository\org\hamcrest\hamcrest\2.1\hamcrest-2.1.jar;C:\Users\Marina\.m2\repository\org\ccil\cowan\tagsoup\tagsoup\1.2.1\tagsoup-1.2.1.jar;C:\Users\Marina\.m2\repository\io\rest-assured\json-path\5.1.1\json-path-5.1.1.jar;C:\Users\Marina\.m2\repository\org\apache\groovy\groovy-json\4.0.1\groovy-json-4.0.1.jar;C:\Users\Marina\.m2\repository\io\rest-assured\rest-assured-common\5.1.1\rest-assured-common-5.1.1.jar;C:\Users\Marina\.m2\repository\io\rest-assured\xml-path\5.1.1\xml-path-5.1.1.jar;C:\Users\Marina\.m2\repository\org\projectlombok\lombok\1.18.30\lombok-1.18.30.jar;C:\Users\Marina\.m2\repository\com\fasterxml\jackson\core\jackson-annotations\2.15.2\jackson-annotations-2.15.2.jar;C:\Users\Marina\.m2\repository\com\google\code\gson\gson\2.10.1\gson-2.10.1.jar;C:\Users\Marina\.m2\repository\org\assertj\assertj-core\3.22.0\assertj-core-3.22.0.jar;C:\Users\Marina\.m2\repository\com\codeborne\selenide\7.0.2\selenide-7.0.2.jar;C:\Users\Marina\.m2\repository\com\codeborne\selenide-core\7.0.2\selenide-core-7.0.2.jar;C:\Users\Marina\.m2\repository\org\opentest4j\opentest4j\1.3.0\opentest4j-1.3.0.jar;C:\Users\Marina\.m2\repository\org\apache\httpcomponents\client5\httpclient5\5.2.1\httpclient5-5.2.1.jar;C:\Users\Marina\.m2\repository\org\apache\httpcomponents\core5\httpcore5\5.2\httpcore5-5.2.jar;C:\Users\Marina\.m2\repository\org\apache\httpcomponents\core5\httpcore5-h2\5.2\httpcore5-h2-5.2.jar;"/>
    <property name="allure.results.directory" value="C:\Users\Marina\AquaProjects\teamcity-testing-framework\target/allure-results"/>
    <property name="sun.cpu.endian" value="little"/>
    <property name="user.home" value="C:\Users\Marina"/>
    <property name="user.language" value="en"/>
    <property name="java.specification.vendor" value="Oracle Corporation"/>
    <property name="java.version.date" value="2023-04-18"/>
    <property name="java.home" value="C:\Program Files\Zulu\zulu-17"/>
    <property name="file.separator" value="\"/>
    <property name="basedir" value="C:\Users\Marina\AquaProjects\teamcity-testing-framework"/>
    <property name="java.vm.compressedOopsMode" value="Zero based"/>
    <property name="line.separator" value="&#10;"/>
    <property name="java.vm.specification.vendor" value="Oracle Corporation"/>
    <property name="java.specification.name" value="Java Platform API Specification"/>
    <property name="surefire.real.class.path" value="C:\Users\Marina\AppData\Local\Temp\surefire11680243700945518231\surefirebooter18095701958693075818.jar"/>
    <property name="user.script" value=""/>
    <property name="sun.management.compiler" value="HotSpot 64-Bit Tiered Compilers"/>
    <property name="java.runtime.version" value="17.0.7+7-LTS"/>
    <property name="user.name" value="Marina"/>
    <property name="path.separator" value=";"/>
    <property name="os.version" value="10.0"/>
    <property name="java.runtime.name" value="OpenJDK Runtime Environment"/>
    <property name="file.encoding" value="Cp1252"/>
    <property name="java.vm.name" value="OpenJDK 64-Bit Server VM"/>
    <property name="java.vendor.version" value="Zulu17.42+19-CA"/>
    <property name="localRepository" value="C:\Users\Marina\.m2\repository"/>
    <property name="java.vendor.url.bug" value="http://www.azul.com/support/"/>
    <property name="java.io.tmpdir" value="C:\Users\Marina\AppData\Local\Temp\"/>
    <property name="java.version" value="17.0.7"/>
    <property name="user.dir" value="C:\Users\Marina\AquaProjects\teamcity-testing-framework"/>
    <property name="os.arch" value="amd64"/>
    <property name="java.vm.specification.name" value="Java Virtual Machine Specification"/>
    <property name="sun.os.patch.level" value=""/>
    <property name="native.encoding" value="Cp1252"/>
    <property name="java.library.path" value="C:\Program Files\Zulu\zulu-17\bin;C:\WINDOWS\Sun\Java\bin;C:\WINDOWS\system32;C:\WINDOWS;C:\Program Files\Git\mingw64\bin;C:\Program Files\Git\usr\bin;C:\Users\Marina\bin;C:\Program Files\Git\mingw64\bin;C:\Program Files\Git\usr\bin;C:\Users\Marina\bin;C:\Program Files\Zulu\zulu-17\bin;C:\Program Files\Common Files\Oracle\Java\javapath;C:\WINDOWS\system32;C:\WINDOWS;C:\WINDOWS\System32\Wbem;C:\WINDOWS\System32\WindowsPowerShell\v1.0;C:\WINDOWS\System32\OpenSSH;C:\Program Files\Intel\WiFi\bin;C:\Program Files\Common Files\Intel\WirelessCommon;C:\Program Files (x86)\IDEMIA\AWP\Dlls;C:\Program Files\IDEMIA\AWP\Dlls;C:\Program Files\PuTTY;C:\Program Files\Zulu\zulu-11\bin;C:\ProgramData\chocolatey\bin;C:\Program Files\dotnet;C:\Program Files (x86)\Pulse Secure\VC142.CRT\X64;C:\Program Files (x86)\Pulse Secure\VC142.CRT\X86;C:\Program Files (x86)\Common Files\Pulse Secure\TNC Client Plugin;C:\Program Files\Zulu\zulu-17\bin;C:\Program Files\nodejs;C:\Program Files (x86)\Yarn\bin;C:\Program Files (x86)\GnuPG\bin;C:\Program Files\apache-maven-3.9.5\bin;C:\Program Files\Git\cmd;C:\Program Files\apache-maven-3.9.6\bin;C:\Program Files\Docker\Docker\resources\bin;C:\Users\Marina\AppData\Local\Microsoft\WindowsApps;C:\Users\Marina\AppData\Local\GitHubDesktop\bin;C:\Users\Marina\AppData\Roaming\npm;C:\Users\Marina\AppData\Local\Yarn\bin;C:\Program Files\JetBrains\Aqua 233.11555.14\bin;C:\Users\Marina\AppData\Local\JetBrains\Toolbox\scripts;C:\Program Files\JetBrains\Aqua 233.13135.75\bin;."/>
    <property name="java.vm.info" value="mixed mode, sharing"/>
    <property name="java.vendor" value="Azul Systems, Inc."/>
    <property name="java.vm.version" value="17.0.7+7-LTS"/>
    <property name="sun.io.unicode.encoding" value="UnicodeLittle"/>
    <property name="java.class.version" value="61.0"/>
  </properties>
  <testcase name="buildConfigurationTest" classname="com.example.teamcity.api.BuildConfigurationTest" time="6.73">
    <failure message="1 expectation failed.&#10;Expected status code &lt;200&gt; but was &lt;503&gt;.&#10;" type="java.lang.AssertionError"><![CDATA[java.lang.AssertionError: 
1 expectation failed.
Expected status code <200> but was <503>.

	at com.example.teamcity.api.BuildConfigurationTest.buildConfigurationTest(BuildConfigurationTest.java:39)
]]></failure>
    <system-out><![CDATA[Request method:	POST
Request URI:	http://:@192.168.1.147:8111/app/rest/users
Proxy:			<none>
Request params:	<none>
Query params:	<none>
Form params:	<none>
Path params:	<none>
Headers:		Accept=application/json, application/javascript, text/javascript, text/json
				Content-Type=application/json
Cookies:		<none>
Multiparts:		<none>
Body:
{
    "username": "test_BPPcAylIKJ",
    "password": "test_NYzOVwpomB",
    "email": "test_hfgYUNyYLm@gmail.com",
    "roles": {
        "role": [
            {
                "roleId": "SYSTEM_ADMIN",
                "scope": "g"
            }
        ]
    }
}
HTTP/1.1 503 
TeamCity-Node-Id: MAIN_SERVER
Pragma: no-cache
Expires: Thu, 01 Jan 1970 00:00:00 GMT
Cache-Control: no-cache
Cache-Control: no-store
Set-Cookie: TCSESSIONID=ACB1DC6F2E9B23415E80E2D84C486AF6; Path=/; HttpOnly
Content-Type: text/html;charset=UTF-8
Transfer-Encoding: chunked
Date: Sat, 10 Feb 2024 07:37:14 GMT
Connection: close

<html>
  <head>
    <title>TeamCity Maintenance — TeamCity</title>
    <link rel="shortcut icon" href="/favicon.ico" type="image/x-icon"/>
    <meta http-equiv="content-type" content="text/html; charset=UTF-8"/>
    <meta name="application-name" content="TeamCity"/>
    <meta name="description" content="Powerful Continuous Integration and Build Server"/>
    <link href="/css/FontAwesome/css/font-awesome.min.css" type="text/css" rel="stylesheet"/>
    <link href="/css/main.css?v129421" type="text/css" rel="stylesheet"/>
    <link href="/css/icons.css?v129421" type="text/css" rel="stylesheet"/>
    <link href="/css/maintenance-initialPages-common.css?v129421" type="text/css" rel="stylesheet"/>
    <link href="/maintenance/maintenance.css?v129421" type="text/css" rel="stylesheet"/>
    <script type="text/javascript" src="/js/bs/ua.js"/>
    <script type="text/javascript" src="/js/ring/jquery.js"/>
    <script type="text/javascript" src="/js/ring/jquery-migrate.min.js"/>
    <script type="text/javascript" src="/js/jquery/jquery.z-index.js"/>
    <script type="text/javascript" src="/maintenance/maintenance.js"/>
    <script type="text/javascript" src="/js/clipboard.min.js"/>
    <script type="text/javascript" src="/js/bs/bs-clipboard.js"/>
    <script type="text/javascript">
    BS.Maintenance.webPrefix = "";
    BS.Maintenance.stateRevision = 18;
    BS.Maintenance.activeStage = false;
  </script>
  </head>
  <body>
    <div id="startScreen">
      <div class="page-content-wrapper">
        <div id="pageContent">
          <span class="logo"/>
          <h1>TeamCity Maintenance</h1>
          <p class="stage-status">
            <span class="stage-admin-required-to-proceed tc-icon icon16 tc-icon_attention tc-icon_attention_yellow stage-status__icon"/>
            <span class="stage-status__description" id="stageDescription">Setting up database connection</span>
          </p>
          <noscript>
            <div class="nojs-message">
          Please enable JavaScript in your browser to access TeamCity.
        </div>
          </noscript>
          <div id="nestedPageContent">
            <p class="admin-info">

    TeamCity server requires technical maintenance.
      1 administrator already logged in.

</p>
            <div id="admin-welcome-link">
              <a shape="rect" href="#" onclick="{BS.Maintenance.saveRedirectedFromAndGoToMaintenance(); return false;}">I'm a server administrator, show me the details</a>
            </div>
          </div>
          <div id="footer2">
        TeamCity 2023.05.4 (build 129421)
      </div>
        </div>
      </div>
    </div>
    <script type="text/javascript">
    BS.Maintenance.scheduleCheckAndRefresh();

    $(document).ready(function() {
      $('.btn_enable_on_load').prop('disabled', false)
    });
  </script>
  </body>
</html>
]]></system-out>
  </testcase>
  <testcase name="authorizedUserShouldBeAbleCreateNewProject" classname="com.example.teamcity.ui.CreateNewProjectTest" time="0.164">
    <failure message="1 expectation failed.&#10;Expected status code &lt;200&gt; but was &lt;503&gt;.&#10;" type="java.lang.AssertionError"><![CDATA[java.lang.AssertionError: 
1 expectation failed.
Expected status code <200> but was <503>.

	at com.example.teamcity.ui.CreateNewProjectTest.authorizedUserShouldBeAbleCreateNewProject(CreateNewProjectTest.java:23)
]]></failure>
    <system-out><![CDATA[Request method:	DELETE
Request URI:	http://test_BPPcAylIKJ:test_NYzOVwpomB@192.168.1.147:8111/app/rest/projects/id%3Atest_UBXXGVsycg
Proxy:			<none>
Request params:	<none>
Query params:	<none>
Form params:	<none>
Path params:	<none>
Headers:		Accept=application/json, application/javascript, text/javascript, text/json
				Content-Type=application/json
Cookies:		<none>
Multiparts:		<none>
Body:			<none>
HTTP/1.1 405 
TeamCity-Node-Id: MAIN_SERVER
Pragma: no-cache
Expires: Thu, 01 Jan 1970 00:00:00 GMT
Cache-Control: no-cache
Cache-Control: no-store
Content-Length: 0
Date: Sat, 10 Feb 2024 07:37:15 GMT
Keep-Alive: timeout=60
Connection: keep-alive
Request method:	DELETE
Request URI:	http://:@192.168.1.147:8111/app/rest/users/username%3Atest_BPPcAylIKJ
Proxy:			<none>
Request params:	<none>
Query params:	<none>
Form params:	<none>
Path params:	<none>
Headers:		Accept=application/json, application/javascript, text/javascript, text/json
				Content-Type=application/json
Cookies:		<none>
Multiparts:		<none>
Body:			<none>
HTTP/1.1 405 
TeamCity-Node-Id: MAIN_SERVER
Pragma: no-cache
Expires: Thu, 01 Jan 1970 00:00:00 GMT
Cache-Control: no-cache
Cache-Control: no-store
Content-Length: 0
Date: Sat, 10 Feb 2024 07:37:15 GMT
Keep-Alive: timeout=60
Connection: keep-alive
Request method:	POST
Request URI:	http://:@192.168.1.147:8111/app/rest/users
Proxy:			<none>
Request params:	<none>
Query params:	<none>
Form params:	<none>
Path params:	<none>
Headers:		Accept=application/json, application/javascript, text/javascript, text/json
				Content-Type=application/json
Cookies:		<none>
Multiparts:		<none>
Body:
{
    "username": "test_ZIBKitGKrx",
    "password": "test_kqFQVvcadJ",
    "email": "test_HfRXIgCLYj@gmail.com",
    "roles": {
        "role": [
            {
                "roleId": "SYSTEM_ADMIN",
                "scope": "g"
            }
        ]
    }
}
HTTP/1.1 503 
TeamCity-Node-Id: MAIN_SERVER
Pragma: no-cache
Expires: Thu, 01 Jan 1970 00:00:00 GMT
Cache-Control: no-cache
Cache-Control: no-store
Set-Cookie: TCSESSIONID=F52A515ABC995073628F16B82F839CF3; Path=/; HttpOnly
Content-Type: text/html;charset=UTF-8
Transfer-Encoding: chunked
Date: Sat, 10 Feb 2024 07:37:15 GMT
Connection: close

<html>
  <head>
    <title>TeamCity Maintenance — TeamCity</title>
    <link rel="shortcut icon" href="/favicon.ico" type="image/x-icon"/>
    <meta http-equiv="content-type" content="text/html; charset=UTF-8"/>
    <meta name="application-name" content="TeamCity"/>
    <meta name="description" content="Powerful Continuous Integration and Build Server"/>
    <link href="/css/FontAwesome/css/font-awesome.min.css" type="text/css" rel="stylesheet"/>
    <link href="/css/main.css?v129421" type="text/css" rel="stylesheet"/>
    <link href="/css/icons.css?v129421" type="text/css" rel="stylesheet"/>
    <link href="/css/maintenance-initialPages-common.css?v129421" type="text/css" rel="stylesheet"/>
    <link href="/maintenance/maintenance.css?v129421" type="text/css" rel="stylesheet"/>
    <script type="text/javascript" src="/js/bs/ua.js"/>
    <script type="text/javascript" src="/js/ring/jquery.js"/>
    <script type="text/javascript" src="/js/ring/jquery-migrate.min.js"/>
    <script type="text/javascript" src="/js/jquery/jquery.z-index.js"/>
    <script type="text/javascript" src="/maintenance/maintenance.js"/>
    <script type="text/javascript" src="/js/clipboard.min.js"/>
    <script type="text/javascript" src="/js/bs/bs-clipboard.js"/>
    <script type="text/javascript">
    BS.Maintenance.webPrefix = "";
    BS.Maintenance.stateRevision = 18;
    BS.Maintenance.activeStage = false;
  </script>
  </head>
  <body>
    <div id="startScreen">
      <div class="page-content-wrapper">
        <div id="pageContent">
          <span class="logo"/>
          <h1>TeamCity Maintenance</h1>
          <p class="stage-status">
            <span class="stage-admin-required-to-proceed tc-icon icon16 tc-icon_attention tc-icon_attention_yellow stage-status__icon"/>
            <span class="stage-status__description" id="stageDescription">Setting up database connection</span>
          </p>
          <noscript>
            <div class="nojs-message">
          Please enable JavaScript in your browser to access TeamCity.
        </div>
          </noscript>
          <div id="nestedPageContent">
            <p class="admin-info">

    TeamCity server requires technical maintenance.
      1 administrator already logged in.

</p>
            <div id="admin-welcome-link">
              <a shape="rect" href="#" onclick="{BS.Maintenance.saveRedirectedFromAndGoToMaintenance(); return false;}">I'm a server administrator, show me the details</a>
            </div>
          </div>
          <div id="footer2">
        TeamCity 2023.05.4 (build 129421)
      </div>
        </div>
      </div>
    </div>
    <script type="text/javascript">
    BS.Maintenance.scheduleCheckAndRefresh();

    $(document).ready(function() {
      $('.btn_enable_on_load').prop('disabled', false)
    });
  </script>
  </body>
</html>
]]></system-out>
  </testcase>
  <testcase name="authorizedUserShouldNotBeAbleCreateNewProjectWithoutBuildConfigName" classname="com.example.teamcity.ui.CreateNewProjectTest" time="0.14">
    <failure message="1 expectation failed.&#10;Expected status code &lt;200&gt; but was &lt;503&gt;.&#10;" type="java.lang.AssertionError"><![CDATA[java.lang.AssertionError: 
1 expectation failed.
Expected status code <200> but was <503>.

	at com.example.teamcity.ui.CreateNewProjectTest.authorizedUserShouldNotBeAbleCreateNewProjectWithoutBuildConfigName(CreateNewProjectTest.java:86)
]]></failure>
    <system-out><![CDATA[Request method:	DELETE
Request URI:	http://test_BPPcAylIKJ:test_NYzOVwpomB@192.168.1.147:8111/app/rest/projects/id%3Atest_UBXXGVsycg
Proxy:			<none>
Request params:	<none>
Query params:	<none>
Form params:	<none>
Path params:	<none>
Headers:		Accept=application/json, application/javascript, text/javascript, text/json
				Content-Type=application/json
Cookies:		<none>
Multiparts:		<none>
Body:			<none>
HTTP/1.1 405 
TeamCity-Node-Id: MAIN_SERVER
Pragma: no-cache
Expires: Thu, 01 Jan 1970 00:00:00 GMT
Cache-Control: no-cache
Cache-Control: no-store
Content-Length: 0
Date: Sat, 10 Feb 2024 07:37:15 GMT
Keep-Alive: timeout=60
Connection: keep-alive
Request method:	DELETE
Request URI:	http://:@192.168.1.147:8111/app/rest/users/username%3Atest_BPPcAylIKJ
Proxy:			<none>
Request params:	<none>
Query params:	<none>
Form params:	<none>
Path params:	<none>
Headers:		Accept=application/json, application/javascript, text/javascript, text/json
				Content-Type=application/json
Cookies:		<none>
Multiparts:		<none>
Body:			<none>
HTTP/1.1 405 
TeamCity-Node-Id: MAIN_SERVER
Pragma: no-cache
Expires: Thu, 01 Jan 1970 00:00:00 GMT
Cache-Control: no-cache
Cache-Control: no-store
Content-Length: 0
Date: Sat, 10 Feb 2024 07:37:15 GMT
Keep-Alive: timeout=60
Connection: keep-alive
Request method:	DELETE
Request URI:	http://test_ZIBKitGKrx:test_kqFQVvcadJ@192.168.1.147:8111/app/rest/projects/id%3Atest_TyYuwvYIbm
Proxy:			<none>
Request params:	<none>
Query params:	<none>
Form params:	<none>
Path params:	<none>
Headers:		Accept=application/json, application/javascript, text/javascript, text/json
				Content-Type=application/json
Cookies:		<none>
Multiparts:		<none>
Body:			<none>
HTTP/1.1 405 
TeamCity-Node-Id: MAIN_SERVER
Pragma: no-cache
Expires: Thu, 01 Jan 1970 00:00:00 GMT
Cache-Control: no-cache
Cache-Control: no-store
Content-Length: 0
Date: Sat, 10 Feb 2024 07:37:15 GMT
Keep-Alive: timeout=60
Connection: keep-alive
Request method:	DELETE
Request URI:	http://:@192.168.1.147:8111/app/rest/users/username%3Atest_ZIBKitGKrx
Proxy:			<none>
Request params:	<none>
Query params:	<none>
Form params:	<none>
Path params:	<none>
Headers:		Accept=application/json, application/javascript, text/javascript, text/json
				Content-Type=application/json
Cookies:		<none>
Multiparts:		<none>
Body:			<none>
HTTP/1.1 405 
TeamCity-Node-Id: MAIN_SERVER
Pragma: no-cache
Expires: Thu, 01 Jan 1970 00:00:00 GMT
Cache-Control: no-cache
Cache-Control: no-store
Content-Length: 0
Date: Sat, 10 Feb 2024 07:37:15 GMT
Keep-Alive: timeout=60
Connection: keep-alive
Request method:	GET
Request URI:	http://:@192.168.1.147:8111/app/rest/projects
Proxy:			<none>
Request params:	<none>
Query params:	<none>
Form params:	<none>
Path params:	<none>
Headers:		Accept=application/json, application/javascript, text/javascript, text/json
				Content-Type=application/json
Cookies:		<none>
Multiparts:		<none>
Body:			<none>
HTTP/1.1 503 
TeamCity-Node-Id: MAIN_SERVER
Pragma: no-cache
Expires: Thu, 01 Jan 1970 00:00:00 GMT
Cache-Control: no-cache
Cache-Control: no-store
Set-Cookie: TCSESSIONID=D98B3DECC43745D528AEA4B3DBCE6710; Path=/; HttpOnly
Content-Type: text/html;charset=UTF-8
Transfer-Encoding: chunked
Date: Sat, 10 Feb 2024 07:37:17 GMT
Connection: close

<html>
  <head>
    <title>TeamCity Maintenance — TeamCity</title>
    <link rel="shortcut icon" href="/favicon.ico" type="image/x-icon"/>
    <meta http-equiv="content-type" content="text/html; charset=UTF-8"/>
    <meta name="application-name" content="TeamCity"/>
    <meta name="description" content="Powerful Continuous Integration and Build Server"/>
    <link href="/css/FontAwesome/css/font-awesome.min.css" type="text/css" rel="stylesheet"/>
    <link href="/css/main.css?v129421" type="text/css" rel="stylesheet"/>
    <link href="/css/icons.css?v129421" type="text/css" rel="stylesheet"/>
    <link href="/css/maintenance-initialPages-common.css?v129421" type="text/css" rel="stylesheet"/>
    <link href="/maintenance/maintenance.css?v129421" type="text/css" rel="stylesheet"/>
    <script type="text/javascript" src="/js/bs/ua.js"/>
    <script type="text/javascript" src="/js/ring/jquery.js"/>
    <script type="text/javascript" src="/js/ring/jquery-migrate.min.js"/>
    <script type="text/javascript" src="/js/jquery/jquery.z-index.js"/>
    <script type="text/javascript" src="/maintenance/maintenance.js"/>
    <script type="text/javascript" src="/js/clipboard.min.js"/>
    <script type="text/javascript" src="/js/bs/bs-clipboard.js"/>
    <script type="text/javascript">
    BS.Maintenance.webPrefix = "";
    BS.Maintenance.stateRevision = 18;
    BS.Maintenance.activeStage = false;
  </script>
  </head>
  <body>
    <div id="startScreen">
      <div class="page-content-wrapper">
        <div id="pageContent">
          <span class="logo"/>
          <h1>TeamCity Maintenance</h1>
          <p class="stage-status">
            <span class="stage-admin-required-to-proceed tc-icon icon16 tc-icon_attention tc-icon_attention_yellow stage-status__icon"/>
            <span class="stage-status__description" id="stageDescription">Setting up database connection</span>
          </p>
          <noscript>
            <div class="nojs-message">
          Please enable JavaScript in your browser to access TeamCity.
        </div>
          </noscript>
          <div id="nestedPageContent">
            <p class="admin-info">

    TeamCity server requires technical maintenance.
      1 administrator already logged in.

</p>
            <div id="admin-welcome-link">
              <a shape="rect" href="#" onclick="{BS.Maintenance.saveRedirectedFromAndGoToMaintenance(); return false;}">I'm a server administrator, show me the details</a>
            </div>
          </div>
          <div id="footer2">
        TeamCity 2023.05.4 (build 129421)
      </div>
        </div>
      </div>
    </div>
    <script type="text/javascript">
    BS.Maintenance.scheduleCheckAndRefresh();

    $(document).ready(function() {
      $('.btn_enable_on_load').prop('disabled', false)
    });
  </script>
  </body>
</html>
]]></system-out>
  </testcase>
  <testcase name="authorizedUserShouldNotBeAbleCreateNewProjectWithoutProjectName" classname="com.example.teamcity.ui.CreateNewProjectTest" time="0.243">
    <failure message="1 expectation failed.&#10;Expected status code &lt;200&gt; but was &lt;503&gt;.&#10;" type="java.lang.AssertionError"><![CDATA[java.lang.AssertionError: 
1 expectation failed.
Expected status code <200> but was <503>.

	at com.example.teamcity.ui.CreateNewProjectTest.authorizedUserShouldNotBeAbleCreateNewProjectWithoutProjectName(CreateNewProjectTest.java:50)
]]></failure>
    <system-out><![CDATA[Request method:	DELETE
Request URI:	http://test_BPPcAylIKJ:test_NYzOVwpomB@192.168.1.147:8111/app/rest/projects/id%3Atest_UBXXGVsycg
Proxy:			<none>
Request params:	<none>
Query params:	<none>
Form params:	<none>
Path params:	<none>
Headers:		Accept=application/json, application/javascript, text/javascript, text/json
				Content-Type=application/json
Cookies:		<none>
Multiparts:		<none>
Body:			<none>
HTTP/1.1 405 
TeamCity-Node-Id: MAIN_SERVER
Pragma: no-cache
Expires: Thu, 01 Jan 1970 00:00:00 GMT
Cache-Control: no-cache
Cache-Control: no-store
Content-Length: 0
Date: Sat, 10 Feb 2024 07:37:17 GMT
Keep-Alive: timeout=60
Connection: keep-alive
Request method:	DELETE
Request URI:	http://:@192.168.1.147:8111/app/rest/users/username%3Atest_BPPcAylIKJ
Proxy:			<none>
Request params:	<none>
Query params:	<none>
Form params:	<none>
Path params:	<none>
Headers:		Accept=application/json, application/javascript, text/javascript, text/json
				Content-Type=application/json
Cookies:		<none>
Multiparts:		<none>
Body:			<none>
HTTP/1.1 405 
TeamCity-Node-Id: MAIN_SERVER
Pragma: no-cache
Expires: Thu, 01 Jan 1970 00:00:00 GMT
Cache-Control: no-cache
Cache-Control: no-store
Content-Length: 0
Date: Sat, 10 Feb 2024 07:37:17 GMT
Keep-Alive: timeout=60
Connection: keep-alive
Request method:	DELETE
Request URI:	http://test_ZIBKitGKrx:test_kqFQVvcadJ@192.168.1.147:8111/app/rest/projects/id%3Atest_TyYuwvYIbm
Proxy:			<none>
Request params:	<none>
Query params:	<none>
Form params:	<none>
Path params:	<none>
Headers:		Accept=application/json, application/javascript, text/javascript, text/json
				Content-Type=application/json
Cookies:		<none>
Multiparts:		<none>
Body:			<none>
HTTP/1.1 405 
TeamCity-Node-Id: MAIN_SERVER
Pragma: no-cache
Expires: Thu, 01 Jan 1970 00:00:00 GMT
Cache-Control: no-cache
Cache-Control: no-store
Content-Length: 0
Date: Sat, 10 Feb 2024 07:37:17 GMT
Keep-Alive: timeout=60
Connection: keep-alive
Request method:	DELETE
Request URI:	http://:@192.168.1.147:8111/app/rest/users/username%3Atest_ZIBKitGKrx
Proxy:			<none>
Request params:	<none>
Query params:	<none>
Form params:	<none>
Path params:	<none>
Headers:		Accept=application/json, application/javascript, text/javascript, text/json
				Content-Type=application/json
Cookies:		<none>
Multiparts:		<none>
Body:			<none>
HTTP/1.1 405 
TeamCity-Node-Id: MAIN_SERVER
Pragma: no-cache
Expires: Thu, 01 Jan 1970 00:00:00 GMT
Cache-Control: no-cache
Cache-Control: no-store
Content-Length: 0
Date: Sat, 10 Feb 2024 07:37:17 GMT
Keep-Alive: timeout=60
Connection: keep-alive
Request method:	DELETE
Request URI:	http://test_lZTfBxTdIy:test_uMqGywRTwU@192.168.1.147:8111/app/rest/projects/id%3Atest_FyLBnYzfBi
Proxy:			<none>
Request params:	<none>
Query params:	<none>
Form params:	<none>
Path params:	<none>
Headers:		Accept=application/json, application/javascript, text/javascript, text/json
				Content-Type=application/json
Cookies:		<none>
Multiparts:		<none>
Body:			<none>
HTTP/1.1 405 
TeamCity-Node-Id: MAIN_SERVER
Pragma: no-cache
Expires: Thu, 01 Jan 1970 00:00:00 GMT
Cache-Control: no-cache
Cache-Control: no-store
Content-Length: 0
Date: Sat, 10 Feb 2024 07:37:17 GMT
Keep-Alive: timeout=60
Connection: keep-alive
Request method:	DELETE
Request URI:	http://:@192.168.1.147:8111/app/rest/users/username%3Atest_lZTfBxTdIy
Proxy:			<none>
Request params:	<none>
Query params:	<none>
Form params:	<none>
Path params:	<none>
Headers:		Accept=application/json, application/javascript, text/javascript, text/json
				Content-Type=application/json
Cookies:		<none>
Multiparts:		<none>
Body:			<none>
HTTP/1.1 405 
TeamCity-Node-Id: MAIN_SERVER
Pragma: no-cache
Expires: Thu, 01 Jan 1970 00:00:00 GMT
Cache-Control: no-cache
Cache-Control: no-store
Content-Length: 0
Date: Sat, 10 Feb 2024 07:37:17 GMT
Keep-Alive: timeout=60
Connection: keep-alive
Request method:	GET
Request URI:	http://:@192.168.1.147:8111/app/rest/projects
Proxy:			<none>
Request params:	<none>
Query params:	<none>
Form params:	<none>
Path params:	<none>
Headers:		Accept=application/json, application/javascript, text/javascript, text/json
				Content-Type=application/json
Cookies:		<none>
Multiparts:		<none>
Body:			<none>
HTTP/1.1 503 
TeamCity-Node-Id: MAIN_SERVER
Pragma: no-cache
Expires: Thu, 01 Jan 1970 00:00:00 GMT
Cache-Control: no-cache
Cache-Control: no-store
Set-Cookie: TCSESSIONID=D4E2AFE370B27B6701B899E176F8A55D; Path=/; HttpOnly
Content-Type: text/html;charset=UTF-8
Transfer-Encoding: chunked
Date: Sat, 10 Feb 2024 07:37:17 GMT
Connection: close

<html>
  <head>
    <title>TeamCity Maintenance — TeamCity</title>
    <link rel="shortcut icon" href="/favicon.ico" type="image/x-icon"/>
    <meta http-equiv="content-type" content="text/html; charset=UTF-8"/>
    <meta name="application-name" content="TeamCity"/>
    <meta name="description" content="Powerful Continuous Integration and Build Server"/>
    <link href="/css/FontAwesome/css/font-awesome.min.css" type="text/css" rel="stylesheet"/>
    <link href="/css/main.css?v129421" type="text/css" rel="stylesheet"/>
    <link href="/css/icons.css?v129421" type="text/css" rel="stylesheet"/>
    <link href="/css/maintenance-initialPages-common.css?v129421" type="text/css" rel="stylesheet"/>
    <link href="/maintenance/maintenance.css?v129421" type="text/css" rel="stylesheet"/>
    <script type="text/javascript" src="/js/bs/ua.js"/>
    <script type="text/javascript" src="/js/ring/jquery.js"/>
    <script type="text/javascript" src="/js/ring/jquery-migrate.min.js"/>
    <script type="text/javascript" src="/js/jquery/jquery.z-index.js"/>
    <script type="text/javascript" src="/maintenance/maintenance.js"/>
    <script type="text/javascript" src="/js/clipboard.min.js"/>
    <script type="text/javascript" src="/js/bs/bs-clipboard.js"/>
    <script type="text/javascript">
    BS.Maintenance.webPrefix = "";
    BS.Maintenance.stateRevision = 18;
    BS.Maintenance.activeStage = false;
  </script>
  </head>
  <body>
    <div id="startScreen">
      <div class="page-content-wrapper">
        <div id="pageContent">
          <span class="logo"/>
          <h1>TeamCity Maintenance</h1>
          <p class="stage-status">
            <span class="stage-admin-required-to-proceed tc-icon icon16 tc-icon_attention tc-icon_attention_yellow stage-status__icon"/>
            <span class="stage-status__description" id="stageDescription">Setting up database connection</span>
          </p>
          <noscript>
            <div class="nojs-message">
          Please enable JavaScript in your browser to access TeamCity.
        </div>
          </noscript>
          <div id="nestedPageContent">
            <p class="admin-info">

    TeamCity server requires technical maintenance.
      1 administrator already logged in.

</p>
            <div id="admin-welcome-link">
              <a shape="rect" href="#" onclick="{BS.Maintenance.saveRedirectedFromAndGoToMaintenance(); return false;}">I'm a server administrator, show me the details</a>
            </div>
          </div>
          <div id="footer2">
        TeamCity 2023.05.4 (build 129421)
      </div>
        </div>
      </div>
    </div>
    <script type="text/javascript">
    BS.Maintenance.scheduleCheckAndRefresh();

    $(document).ready(function() {
      $('.btn_enable_on_load').prop('disabled', false)
    });
  </script>
  </body>
</html>
]]></system-out>
  </testcase>
</testsuite>